  test.cpp
C:\Program Files\Microsoft Visual Studio\2022\Community\VC\Tools\MSVC\14.38.33130\include\string_view(12): warning STL4038: The contents of <string_view> are available only with C++17 or later.
C:\Users\usern\source\repos\test\test\test.cpp(44,10): error C2039: 'string_view': is not a member of 'std'
      C:\Program Files\Microsoft Visual Studio\2022\Community\VC\Tools\MSVC\14.38.33130\include\string(23,1):
      see declaration of 'std'
  
C:\Users\usern\source\repos\test\test\test.cpp(44,10): error C2065: 'string_view': undeclared identifier
C:\Users\usern\source\repos\test\test\test.cpp(44,22): error C2146: syntax error: missing ';' before identifier 'name'
C:\Users\usern\source\repos\test\test\test.cpp(44,22): error C2065: 'name': undeclared identifier
C:\Users\usern\source\repos\test\test\test.cpp(46,5): error C2146: syntax error: missing ';' before identifier 'Car'
